

Started GET "/admin/pages" for 127.0.0.1 at Thu Feb 03 12:38:55 +0300 2011
  Processing by Admin::PagesController#index as HTML
  Parameters: {"ancestors"=>[], "plural"=>true, "children"=>[]}
Completed   in 2ms

ActiveRecord::StatementInvalid (SQLite3::SQLException: no such table: pages: SELECT  "pages".* FROM "pages" WHERE ("pages"."parent_id" IS NULL) ORDER BY "lft" LIMIT 1):
  

Rendered /home/pyromaniac/.rvm/gems/ree-1.8.7-2010.02@puffer_pages/gems/actionpack-3.0.3/lib/action_dispatch/middleware/templates/rescues/_trace.erb (0.8ms)
Rendered /home/pyromaniac/.rvm/gems/ree-1.8.7-2010.02@puffer_pages/gems/actionpack-3.0.3/lib/action_dispatch/middleware/templates/rescues/_request_and_response.erb (3.5ms)
Rendered /home/pyromaniac/.rvm/gems/ree-1.8.7-2010.02@puffer_pages/gems/actionpack-3.0.3/lib/action_dispatch/middleware/templates/rescues/diagnostics.erb within rescues/layout (7.0ms)


Started GET "/admin/pages" for 127.0.0.1 at Thu Feb 03 12:38:55 +0300 2011
  Processing by Admin::PagesController#index as HTML
  Parameters: {"ancestors"=>[], "plural"=>true, "children"=>[]}
Completed   in 1ms

ActiveRecord::StatementInvalid (SQLite3::SQLException: no such table: pages: SELECT  "pages".* FROM "pages" WHERE ("pages"."parent_id" IS NULL) ORDER BY "lft" LIMIT 1):
  

Rendered /home/pyromaniac/.rvm/gems/ree-1.8.7-2010.02@puffer_pages/gems/actionpack-3.0.3/lib/action_dispatch/middleware/templates/rescues/_trace.erb (0.8ms)
Rendered /home/pyromaniac/.rvm/gems/ree-1.8.7-2010.02@puffer_pages/gems/actionpack-3.0.3/lib/action_dispatch/middleware/templates/rescues/_request_and_response.erb (3.5ms)
Rendered /home/pyromaniac/.rvm/gems/ree-1.8.7-2010.02@puffer_pages/gems/actionpack-3.0.3/lib/action_dispatch/middleware/templates/rescues/diagnostics.erb within rescues/layout (7.0ms)


Started GET "/admin/pages" for 127.0.0.1 at Thu Feb 03 12:38:56 +0300 2011
  Processing by Admin::PagesController#index as HTML
  Parameters: {"ancestors"=>[], "plural"=>true, "children"=>[]}
Completed   in 3ms

ActiveRecord::StatementInvalid (SQLite3::SQLException: no such table: pages: SELECT  "pages".* FROM "pages" WHERE ("pages"."parent_id" IS NULL) ORDER BY "lft" LIMIT 1):
  

Rendered /home/pyromaniac/.rvm/gems/ree-1.8.7-2010.02@puffer_pages/gems/actionpack-3.0.3/lib/action_dispatch/middleware/templates/rescues/_trace.erb (0.9ms)
Rendered /home/pyromaniac/.rvm/gems/ree-1.8.7-2010.02@puffer_pages/gems/actionpack-3.0.3/lib/action_dispatch/middleware/templates/rescues/_request_and_response.erb (3.4ms)
Rendered /home/pyromaniac/.rvm/gems/ree-1.8.7-2010.02@puffer_pages/gems/actionpack-3.0.3/lib/action_dispatch/middleware/templates/rescues/diagnostics.erb within rescues/layout (7.5ms)


Started GET "/admin/pages" for 127.0.0.1 at Thu Feb 03 12:38:56 +0300 2011
  Processing by Admin::PagesController#index as HTML
  Parameters: {"ancestors"=>[], "plural"=>true, "children"=>[]}
Completed   in 1ms

ActiveRecord::StatementInvalid (SQLite3::SQLException: no such table: pages: SELECT  "pages".* FROM "pages" WHERE ("pages"."parent_id" IS NULL) ORDER BY "lft" LIMIT 1):
  

Rendered /home/pyromaniac/.rvm/gems/ree-1.8.7-2010.02@puffer_pages/gems/actionpack-3.0.3/lib/action_dispatch/middleware/templates/rescues/_trace.erb (0.9ms)
Rendered /home/pyromaniac/.rvm/gems/ree-1.8.7-2010.02@puffer_pages/gems/actionpack-3.0.3/lib/action_dispatch/middleware/templates/rescues/_request_and_response.erb (3.4ms)
Rendered /home/pyromaniac/.rvm/gems/ree-1.8.7-2010.02@puffer_pages/gems/actionpack-3.0.3/lib/action_dispatch/middleware/templates/rescues/diagnostics.erb within rescues/layout (7.3ms)


Started GET "/admin/pages" for 127.0.0.1 at Thu Feb 03 12:39:21 +0300 2011
  Processing by Admin::PagesController#index as HTML
  Parameters: {"ancestors"=>[], "plural"=>true, "children"=>[]}
Rendered /home/pyromaniac/.rvm/gems/ree-1.8.7-2010.02@puffer_pages/gems/puffer-0.0.9/app/views/puffer/index.html.erb within layouts/puffer (8.3ms)
Completed   in 18ms

ActionView::Template::Error (The @pages variable appears to be empty. Did you forget to pass the collection object for will_paginate?):
    1: <% @title = resource.human %>
    2: <h1><%= @title %></h1>
    3: <%= will_paginate records, :url => resource.collection_path(:page => '') %>
    4: <% if records.present? %>
    5:   <table class="list_table">
    6:     <thead>
  

Rendered /home/pyromaniac/.rvm/gems/ree-1.8.7-2010.02@puffer_pages/gems/actionpack-3.0.3/lib/action_dispatch/middleware/templates/rescues/_trace.erb (1.4ms)
Rendered /home/pyromaniac/.rvm/gems/ree-1.8.7-2010.02@puffer_pages/gems/actionpack-3.0.3/lib/action_dispatch/middleware/templates/rescues/_request_and_response.erb (11.7ms)
Rendered /home/pyromaniac/.rvm/gems/ree-1.8.7-2010.02@puffer_pages/gems/actionpack-3.0.3/lib/action_dispatch/middleware/templates/rescues/template_error.erb within rescues/layout (17.5ms)


Started GET "/admin/pages" for 127.0.0.1 at Thu Feb 03 12:39:22 +0300 2011
  Processing by Admin::PagesController#index as HTML
  Parameters: {"ancestors"=>[], "plural"=>true, "children"=>[]}
Rendered /home/pyromaniac/.rvm/gems/ree-1.8.7-2010.02@puffer_pages/gems/puffer-0.0.9/app/views/puffer/index.html.erb within layouts/puffer (1.6ms)
Completed   in 4ms

ActionView::Template::Error (The @pages variable appears to be empty. Did you forget to pass the collection object for will_paginate?):
    1: <% @title = resource.human %>
    2: <h1><%= @title %></h1>
    3: <%= will_paginate records, :url => resource.collection_path(:page => '') %>
    4: <% if records.present? %>
    5:   <table class="list_table">
    6:     <thead>
  

Rendered /home/pyromaniac/.rvm/gems/ree-1.8.7-2010.02@puffer_pages/gems/actionpack-3.0.3/lib/action_dispatch/middleware/templates/rescues/_trace.erb (0.9ms)
Rendered /home/pyromaniac/.rvm/gems/ree-1.8.7-2010.02@puffer_pages/gems/actionpack-3.0.3/lib/action_dispatch/middleware/templates/rescues/_request_and_response.erb (5.6ms)
Rendered /home/pyromaniac/.rvm/gems/ree-1.8.7-2010.02@puffer_pages/gems/actionpack-3.0.3/lib/action_dispatch/middleware/templates/rescues/template_error.erb within rescues/layout (9.3ms)


Started GET "/admin/pages" for 127.0.0.1 at Thu Feb 03 12:39:48 +0300 2011
  Processing by Admin::PagesController#index as HTML
  Parameters: {"ancestors"=>[], "plural"=>true, "children"=>[]}
Rendered /home/pyromaniac/.rvm/gems/ree-1.8.7-2010.02@puffer_pages/gems/puffer-0.0.9/app/views/puffer/index.html.erb within layouts/puffer (2.7ms)
Completed   in 7ms

ActionView::Template::Error (The @pages variable appears to be empty. Did you forget to pass the collection object for will_paginate?):
    1: <% @title = resource.human %>
    2: <h1><%= @title %></h1>
    3: <%= will_paginate records, :url => resource.collection_path(:page => '') %>
    4: <% if records.present? %>
    5:   <table class="list_table">
    6:     <thead>
  

Rendered /home/pyromaniac/.rvm/gems/ree-1.8.7-2010.02@puffer_pages/gems/actionpack-3.0.3/lib/action_dispatch/middleware/templates/rescues/_trace.erb (0.9ms)
Rendered /home/pyromaniac/.rvm/gems/ree-1.8.7-2010.02@puffer_pages/gems/actionpack-3.0.3/lib/action_dispatch/middleware/templates/rescues/_request_and_response.erb (5.3ms)
Rendered /home/pyromaniac/.rvm/gems/ree-1.8.7-2010.02@puffer_pages/gems/actionpack-3.0.3/lib/action_dispatch/middleware/templates/rescues/template_error.erb within rescues/layout (9.0ms)


Started GET "/admin/pages" for 127.0.0.1 at Thu Feb 03 12:39:48 +0300 2011
  Processing by Admin::PagesController#index as HTML
  Parameters: {"ancestors"=>[], "plural"=>true, "children"=>[]}
Rendered /home/pyromaniac/.rvm/gems/ree-1.8.7-2010.02@puffer_pages/gems/puffer-0.0.9/app/views/puffer/index.html.erb within layouts/puffer (1.1ms)
Completed   in 3ms

ActionView::Template::Error (The @pages variable appears to be empty. Did you forget to pass the collection object for will_paginate?):
    1: <% @title = resource.human %>
    2: <h1><%= @title %></h1>
    3: <%= will_paginate records, :url => resource.collection_path(:page => '') %>
    4: <% if records.present? %>
    5:   <table class="list_table">
    6:     <thead>
  

Rendered /home/pyromaniac/.rvm/gems/ree-1.8.7-2010.02@puffer_pages/gems/actionpack-3.0.3/lib/action_dispatch/middleware/templates/rescues/_trace.erb (0.9ms)
Rendered /home/pyromaniac/.rvm/gems/ree-1.8.7-2010.02@puffer_pages/gems/actionpack-3.0.3/lib/action_dispatch/middleware/templates/rescues/_request_and_response.erb (5.5ms)
Rendered /home/pyromaniac/.rvm/gems/ree-1.8.7-2010.02@puffer_pages/gems/actionpack-3.0.3/lib/action_dispatch/middleware/templates/rescues/template_error.erb within rescues/layout (9.4ms)


Started GET "/admin/pages" for 127.0.0.1 at Thu Feb 03 12:40:02 +0300 2011
